<?xml version="1.0" encoding="UTF-8"?>
<!-- Generated by org.testng.reporters.JUnitReportReporter -->
<testsuite hostname="DESKTOP-FNU9VKV" failures="0" tests="4" name="api.test.UserTest" time="9.138" errors="0" timestamp="2023-05-24T13:31:52 IST" skipped="0">
  <testcase classname="api.test.UserTest" name="testPostUser" time="4.435"/>
  <system-out/>
  <testcase classname="api.test.UserTest" name="testGetUserByName" time="1.204"/>
  <system-out/>
  <testcase classname="api.test.UserTest" name="testUpdateUserByName" time="2.337"/>
  <system-out/>
  <testcase classname="api.test.UserTest" name="testDeleteUserByName" time="1.162"/>
  <system-out/>
</testsuite> <!-- api.test.UserTest -->
