<?xml version="1.0" encoding="UTF-8"?>
<!-- Generated by org.testng.reporters.JUnitReportReporter -->
<testsuite hostname="DESKTOP-FNU9VKV" failures="0" tests="6" name="api.test.DDTests" time="11.215" errors="0" timestamp="2023-05-24T11:02:18 IST" skipped="0">
  <testcase classname="api.test.DDTests" name="testPostuser" time="1.751"/>
  <system-out/>
  <testcase classname="api.test.DDTests" name="testPostuser" time="1.336"/>
  <system-out/>
  <testcase classname="api.test.DDTests" name="testPostuser" time="4.703"/>
  <system-out/>
  <testcase classname="api.test.DDTests" name="testDeleteUserByName" time="1.145"/>
  <system-out/>
  <testcase classname="api.test.DDTests" name="testDeleteUserByName" time="1.161"/>
  <system-out/>
  <testcase classname="api.test.DDTests" name="testDeleteUserByName" time="1.119"/>
  <system-out/>
</testsuite> <!-- api.test.DDTests -->
