<?xml version="1.0" encoding="UTF-8"?>
<!-- Generated by org.testng.reporters.JUnitReportReporter -->
<testsuite hostname="DESKTOP-FNU9VKV" failures="0" tests="4" name="api.test.UserTest2" time="10.070" errors="0" timestamp="2023-05-24T14:19:17 IST" skipped="0">
  <testcase classname="api.test.UserTest2" name="testPostUser" time="4.371"/>
  <system-out/>
  <testcase classname="api.test.UserTest2" name="testGetUserByName" time="1.471"/>
  <system-out/>
  <testcase classname="api.test.UserTest2" name="testUpdateUserByName" time="2.781"/>
  <system-out/>
  <testcase classname="api.test.UserTest2" name="testDeleteUserByName" time="1.447"/>
  <system-out/>
</testsuite> <!-- api.test.UserTest2 -->
