<?xml version="1.0" encoding="UTF-8"?>
<!-- Generated by org.testng.reporters.JUnitReportReporter -->
<testsuite hostname="DESKTOP-FNU9VKV" failures="0" tests="4" name="api.test.UserTest" time="5.809" errors="0" timestamp="2023-05-24T15:13:04 IST" skipped="0">
  <testcase classname="api.test.UserTest" name="testPostUser" time="1.241"/>
  <system-out/>
  <testcase classname="api.test.UserTest" name="testGetUserByName" time="1.155"/>
  <system-out/>
  <testcase classname="api.test.UserTest" name="testUpdateUserByName" time="2.259"/>
  <system-out/>
  <testcase classname="api.test.UserTest" name="testDeleteUserByName" time="1.154"/>
  <system-out/>
</testsuite> <!-- api.test.UserTest -->
