<?xml version="1.0" encoding="UTF-8"?>
<!-- Generated by org.testng.reporters.JUnitReportReporter -->
<testsuite hostname="DESKTOP-FNU9VKV" failures="0" tests="6" name="api.test.DDTests" time="10.102" errors="0" timestamp="2023-05-24T15:13:04 IST" skipped="0">
  <testcase classname="api.test.DDTests" name="testPostuser" time="1.151"/>
  <system-out/>
  <testcase classname="api.test.DDTests" name="testPostuser" time="1.126"/>
  <system-out/>
  <testcase classname="api.test.DDTests" name="testPostuser" time="4.335"/>
  <system-out/>
  <testcase classname="api.test.DDTests" name="testDeleteUserByName" time="1.185"/>
  <system-out/>
  <testcase classname="api.test.DDTests" name="testDeleteUserByName" time="1.181"/>
  <system-out/>
  <testcase classname="api.test.DDTests" name="testDeleteUserByName" time="1.124"/>
  <system-out/>
</testsuite> <!-- api.test.DDTests -->
